INFO  [Native-Transport-Requests-1] 2023-01-21 11:40:17,361 FileAuditLogger.java:51 - user:devakash|host:/172.17.0.2:7000|source:/127.0.0.1|port:55310|timestamp:1674301217361|type:LOGIN_SUCCESS|category:AUTH|operation:LOGIN SUCCESSFUL
INFO  [Native-Transport-Requests-1] 2023-01-21 11:40:17,609 FileAuditLogger.java:51 - user:devakash|host:/172.17.0.2:7000|source:/127.0.0.1|port:55312|timestamp:1674301217609|type:LOGIN_SUCCESS|category:AUTH|operation:LOGIN SUCCESSFUL
INFO  [Native-Transport-Requests-1] 2023-01-21 11:41:27,264 FileAuditLogger.java:51 - user:devakash|host:/172.17.0.2:7000|source:/127.0.0.1|port:55312|timestamp:1674301287260|type:USE_KEYSPACE|category:OTHER|ks:system_traces|operation:use system_traces;
INFO  [Native-Transport-Requests-1] 2023-01-21 11:41:27,277 FileAuditLogger.java:51 - user:devakash|host:/172.17.0.2:7000|source:/127.0.0.1|port:55312|timestamp:1674301287269|type:USE_KEYSPACE|category:OTHER|ks:system_traces|operation:USE "system_traces"
INFO  [Native-Transport-Requests-1] 2023-01-21 11:41:40,350 FileAuditLogger.java:51 - user:devakash|host:/172.17.0.2:7000|source:/127.0.0.1|port:55312|timestamp:1674301300327|type:SELECT|category:QUERY|ks:system_traces|scope:events|operation:SELECT * FROM events;
INFO  [Native-Transport-Requests-1] 2023-01-21 11:41:50,784 FileAuditLogger.java:51 - user:devakash|host:/172.17.0.2:7000|source:/127.0.0.1|port:55312|timestamp:1674301310771|type:SELECT|category:QUERY|ks:system_traces|scope:sessions|operation:SELECT * FROM sessions;
INFO  [Native-Transport-Requests-1] 2023-01-21 11:42:35,863 FileAuditLogger.java:51 - user:devakash|host:/172.17.0.2:7000|source:/127.0.0.1|port:55312|timestamp:1674301354765|type:CREATE_KEYSPACE|category:DDL|ks:audittest|operation:CREATE KEYSPACE audittest WITH replication = {'class': 'SimpleStrategy', 'replication_factor': 1};
INFO  [Native-Transport-Requests-1] 2023-01-21 11:42:42,510 FileAuditLogger.java:51 - user:devakash|host:/172.17.0.2:7000|source:/127.0.0.1|port:55312|timestamp:1674301362509|type:USE_KEYSPACE|category:OTHER|ks:audittest|operation:use audittest
INFO  [Native-Transport-Requests-1] 2023-01-21 11:42:42,515 FileAuditLogger.java:51 - user:devakash|host:/172.17.0.2:7000|source:/127.0.0.1|port:55312|timestamp:1674301362514|type:USE_KEYSPACE|category:OTHER|ks:audittest|operation:USE "audittest"
INFO  [Native-Transport-Requests-1] 2023-01-21 11:43:45,754 FileAuditLogger.java:51 - user:devakash|host:/172.17.0.2:7000|source:/127.0.0.1|port:55312|timestamp:1674301425028|type:CREATE_TABLE|category:DDL|ks:audittest|scope:t1|operation:CREATE TABLE t1 ( c1 int, c2 int, PRIMARY KEY (c1));
INFO  [Native-Transport-Requests-1] 2023-01-21 11:44:04,539 FileAuditLogger.java:51 - user:devakash|host:/172.17.0.2:7000|source:/127.0.0.1|port:55312|timestamp:1674301444479|type:UPDATE|category:DML|ks:audittest|scope:t1|operation:INSERT INTO t1 (c1,c2) VALUES ( 2,3);
INFO  [Native-Transport-Requests-1] 2023-01-21 11:44:12,552 FileAuditLogger.java:51 - user:devakash|host:/172.17.0.2:7000|source:/127.0.0.1|port:55312|timestamp:1674301452536|type:SELECT|category:QUERY|ks:audittest|scope:t1|operation:SELECT * FROM t1
WARN  [main] 2023-01-21 06:18:57,956 NativeLibrary.java:199 - Unable to lock JVM memory (ENOMEM). This can result in part of the JVM being swapped out, especially with mmapped I/O enabled. Increase RLIMIT_MEMLOCK.
WARN  [main] 2023-01-21 06:18:58,277 StartupChecks.java:258 - JMX is not enabled to receive remote connections. Please see cassandra-env.sh for more info.
WARN  [main] 2023-01-21 06:18:58,361 SigarLibrary.java:172 - Cassandra server running in degraded mode. Is swap disabled? : false,  Address space adequate? : true,  nofile limit adequate? : true, nproc limit adequate? : true 
WARN  [main] 2023-01-21 06:18:58,364 StartupChecks.java:493 - Maximum number of memory map areas per process (vm.max_map_count) 65530 is too low, recommended value: 1048575, you can change it with sysctl.
ERROR [main] 2023-01-21 06:19:06,417 CassandraDaemon.java:898 - Fatal exception during initialization
org.apache.cassandra.exceptions.ConfigurationException: Saved cluster name Test Cluster != configured name Sample Cluster
	at org.apache.cassandra.db.SystemKeyspace.checkHealth(SystemKeyspace.java:1085)
	at org.apache.cassandra.service.StartupChecks$13.execute(StartupChecks.java:631)
	at org.apache.cassandra.service.StartupChecks.verify(StartupChecks.java:175)
	at org.apache.cassandra.service.CassandraDaemon.runStartupChecks(CassandraDaemon.java:503)
	at org.apache.cassandra.service.CassandraDaemon.setup(CassandraDaemon.java:257)
	at org.apache.cassandra.service.CassandraDaemon.activate(CassandraDaemon.java:752)
	at org.apache.cassandra.service.CassandraDaemon.main(CassandraDaemon.java:876)
WARN  [main] 2023-01-21 06:21:15,397 NativeLibrary.java:199 - Unable to lock JVM memory (ENOMEM). This can result in part of the JVM being swapped out, especially with mmapped I/O enabled. Increase RLIMIT_MEMLOCK.
WARN  [main] 2023-01-21 06:21:15,714 StartupChecks.java:258 - JMX is not enabled to receive remote connections. Please see cassandra-env.sh for more info.
WARN  [main] 2023-01-21 06:21:15,775 SigarLibrary.java:172 - Cassandra server running in degraded mode. Is swap disabled? : false,  Address space adequate? : true,  nofile limit adequate? : true, nproc limit adequate? : true 
WARN  [main] 2023-01-21 06:21:15,778 StartupChecks.java:493 - Maximum number of memory map areas per process (vm.max_map_count) 65530 is too low, recommended value: 1048575, you can change it with sysctl.
ERROR [main] 2023-01-21 06:21:24,714 CassandraDaemon.java:898 - Fatal exception during initialization
org.apache.cassandra.exceptions.ConfigurationException: Saved cluster name Test Cluster != configured name Sample Cluster
	at org.apache.cassandra.db.SystemKeyspace.checkHealth(SystemKeyspace.java:1085)
	at org.apache.cassandra.service.StartupChecks$13.execute(StartupChecks.java:631)
	at org.apache.cassandra.service.StartupChecks.verify(StartupChecks.java:175)
	at org.apache.cassandra.service.CassandraDaemon.runStartupChecks(CassandraDaemon.java:503)
	at org.apache.cassandra.service.CassandraDaemon.setup(CassandraDaemon.java:257)
	at org.apache.cassandra.service.CassandraDaemon.activate(CassandraDaemon.java:752)
	at org.apache.cassandra.service.CassandraDaemon.main(CassandraDaemon.java:876)
WARN  [main] 2023-01-21 06:22:41,490 NativeLibrary.java:199 - Unable to lock JVM memory (ENOMEM). This can result in part of the JVM being swapped out, especially with mmapped I/O enabled. Increase RLIMIT_MEMLOCK.
WARN  [main] 2023-01-21 06:22:41,733 StartupChecks.java:258 - JMX is not enabled to receive remote connections. Please see cassandra-env.sh for more info.
WARN  [main] 2023-01-21 06:22:41,761 SigarLibrary.java:172 - Cassandra server running in degraded mode. Is swap disabled? : false,  Address space adequate? : true,  nofile limit adequate? : true, nproc limit adequate? : true 
WARN  [main] 2023-01-21 06:22:41,763 StartupChecks.java:493 - Maximum number of memory map areas per process (vm.max_map_count) 65530 is too low, recommended value: 1048575, you can change it with sysctl.
ERROR [main] 2023-01-21 06:22:47,803 CassandraDaemon.java:898 - Fatal exception during initialization
org.apache.cassandra.exceptions.ConfigurationException: Saved cluster name Test Cluster != configured name Sample Cluster
	at org.apache.cassandra.db.SystemKeyspace.checkHealth(SystemKeyspace.java:1085)
	at org.apache.cassandra.service.StartupChecks$13.execute(StartupChecks.java:631)
	at org.apache.cassandra.service.StartupChecks.verify(StartupChecks.java:175)
	at org.apache.cassandra.service.CassandraDaemon.runStartupChecks(CassandraDaemon.java:503)
	at org.apache.cassandra.service.CassandraDaemon.setup(CassandraDaemon.java:257)
	at org.apache.cassandra.service.CassandraDaemon.activate(CassandraDaemon.java:752)
	at org.apache.cassandra.service.CassandraDaemon.main(CassandraDaemon.java:876)
WARN  [main] 2023-01-21 06:23:19,280 NativeLibrary.java:199 - Unable to lock JVM memory (ENOMEM). This can result in part of the JVM being swapped out, especially with mmapped I/O enabled. Increase RLIMIT_MEMLOCK.
WARN  [main] 2023-01-21 06:23:19,517 StartupChecks.java:258 - JMX is not enabled to receive remote connections. Please see cassandra-env.sh for more info.
WARN  [main] 2023-01-21 06:23:19,560 SigarLibrary.java:172 - Cassandra server running in degraded mode. Is swap disabled? : false,  Address space adequate? : true,  nofile limit adequate? : true, nproc limit adequate? : true 
WARN  [main] 2023-01-21 06:23:19,562 StartupChecks.java:493 - Maximum number of memory map areas per process (vm.max_map_count) 65530 is too low, recommended value: 1048575, you can change it with sysctl.
/172.17.0.2:7000:[-8967460190994828750, -8000095947916293251, -6410091395402394613, -4791068099705351315, -3812922647189237240, -2034288346365650111, -938246446130711822, 153050664561500437, 997427312052662194, 2437695541955245432, 3509196158295278245, 4527047563037705260, 5344719495650056055, 6420475376875635594, 7156391069586529235, 8235763877034130893]

WARN  [main] 2023-01-21 06:23:26,884 CommitLogReplayer.java:341 - Origin of 1 sstables is unknown or doesn't match the local node; commitLogIntervals for them were ignored
/172.17.0.2:7000:[-8967460190994828750, -8000095947916293251, -6410091395402394613, -4791068099705351315, -3812922647189237240, -2034288346365650111, -938246446130711822, 153050664561500437, 997427312052662194, 2437695541955245432, 3509196158295278245, 4527047563037705260, 5344719495650056055, 6420475376875635594, 7156391069586529235, 8235763877034130893]

WARN  [Service Thread] 2023-01-21 06:58:39,811 GCInspector.java:294 - ParNew GC in 1203ms.  CMS Old Gen: 17160872 -> 40919328; Par Eden Space: 214683624 -> 0; Par Survivor Space: 26804224 -> 26267296
WARN  [main] 2023-01-21 07:06:02,303 NativeLibrary.java:199 - Unable to lock JVM memory (ENOMEM). This can result in part of the JVM being swapped out, especially with mmapped I/O enabled. Increase RLIMIT_MEMLOCK.
WARN  [main] 2023-01-21 07:06:02,487 StartupChecks.java:258 - JMX is not enabled to receive remote connections. Please see cassandra-env.sh for more info.
WARN  [main] 2023-01-21 07:06:02,527 SigarLibrary.java:172 - Cassandra server running in degraded mode. Is swap disabled? : false,  Address space adequate? : true,  nofile limit adequate? : true, nproc limit adequate? : true 
WARN  [main] 2023-01-21 07:06:02,528 StartupChecks.java:493 - Maximum number of memory map areas per process (vm.max_map_count) 65530 is too low, recommended value: 1048575, you can change it with sysctl.
/172.17.0.2:7000:[-8967460190994828750, -8000095947916293251, -6410091395402394613, -4791068099705351315, -3812922647189237240, -2034288346365650111, -938246446130711822, 153050664561500437, 997427312052662194, 2437695541955245432, 3509196158295278245, 4527047563037705260, 5344719495650056055, 6420475376875635594, 7156391069586529235, 8235763877034130893]

WARN  [main] 2023-01-21 07:06:08,973 CommitLogReplayer.java:341 - Origin of 1 sstables is unknown or doesn't match the local node; commitLogIntervals for them were ignored
WARN  [main] 2023-01-21 07:06:08,974 CommitLogReplayer.java:341 - Origin of 1 sstables is unknown or doesn't match the local node; commitLogIntervals for them were ignored
WARN  [main] 2023-01-21 07:06:08,974 CommitLogReplayer.java:341 - Origin of 1 sstables is unknown or doesn't match the local node; commitLogIntervals for them were ignored
/172.17.0.2:7000:[-8967460190994828750, -8000095947916293251, -6410091395402394613, -4791068099705351315, -3812922647189237240, -2034288346365650111, -938246446130711822, 153050664561500437, 997427312052662194, 2437695541955245432, 3509196158295278245, 4527047563037705260, 5344719495650056055, 6420475376875635594, 7156391069586529235, 8235763877034130893]

ERROR [main] 2023-01-21 07:11:07,407 CassandraDaemon.java:898 - Exception encountered during startup: Invalid yaml. Please remove properties [log_keyspace, log_table] from your cassandra.yaml
ERROR [main] 2023-01-21 07:11:49,174 CassandraDaemon.java:898 - Exception encountered during startup: Invalid yaml. Please remove properties [log_keyspace, log_table] from your cassandra.yaml
WARN  [main] 2023-01-21 07:12:21,022 NativeLibrary.java:199 - Unable to lock JVM memory (ENOMEM). This can result in part of the JVM being swapped out, especially with mmapped I/O enabled. Increase RLIMIT_MEMLOCK.
WARN  [main] 2023-01-21 07:12:21,202 StartupChecks.java:258 - JMX is not enabled to receive remote connections. Please see cassandra-env.sh for more info.
WARN  [main] 2023-01-21 07:12:21,230 SigarLibrary.java:172 - Cassandra server running in degraded mode. Is swap disabled? : false,  Address space adequate? : true,  nofile limit adequate? : true, nproc limit adequate? : true 
WARN  [main] 2023-01-21 07:12:21,232 StartupChecks.java:493 - Maximum number of memory map areas per process (vm.max_map_count) 65530 is too low, recommended value: 1048575, you can change it with sysctl.
/172.17.0.2:7000:[-8967460190994828750, -8000095947916293251, -6410091395402394613, -4791068099705351315, -3812922647189237240, -2034288346365650111, -938246446130711822, 153050664561500437, 997427312052662194, 2437695541955245432, 3509196158295278245, 4527047563037705260, 5344719495650056055, 6420475376875635594, 7156391069586529235, 8235763877034130893]

WARN  [main] 2023-01-21 07:12:26,938 CommitLogReplayer.java:341 - Origin of 1 sstables is unknown or doesn't match the local node; commitLogIntervals for them were ignored
WARN  [main] 2023-01-21 07:12:26,939 CommitLogReplayer.java:341 - Origin of 1 sstables is unknown or doesn't match the local node; commitLogIntervals for them were ignored
WARN  [main] 2023-01-21 07:12:26,941 CommitLogReplayer.java:341 - Origin of 1 sstables is unknown or doesn't match the local node; commitLogIntervals for them were ignored
/172.17.0.2:7000:[-8967460190994828750, -8000095947916293251, -6410091395402394613, -4791068099705351315, -3812922647189237240, -2034288346365650111, -938246446130711822, 153050664561500437, 997427312052662194, 2437695541955245432, 3509196158295278245, 4527047563037705260, 5344719495650056055, 6420475376875635594, 7156391069586529235, 8235763877034130893]

INFO  [Native-Transport-Requests-1] 2023-01-21 07:15:34,395 ColumnFamilyStore.java:1009 - Enqueuing flush of system_schema.columns, Reason: INTERNALLY_FORCED, Usage: 170.049KiB (0%) on-heap, 0.000KiB (0%) off-heap
INFO  [Native-Transport-Requests-1] 2023-01-21 07:15:34,490 ColumnFamilyStore.java:1009 - Enqueuing flush of system_schema.dropped_columns, Reason: INTERNALLY_FORCED, Usage: 1.079KiB (0%) on-heap, 0.000KiB (0%) off-heap
INFO  [Native-Transport-Requests-1] 2023-01-21 07:15:34,589 ColumnFamilyStore.java:1009 - Enqueuing flush of system_schema.triggers, Reason: INTERNALLY_FORCED, Usage: 0.511KiB (0%) on-heap, 0.000KiB (0%) off-heap
INFO  [Native-Transport-Requests-1] 2023-01-21 07:15:34,702 ColumnFamilyStore.java:1009 - Enqueuing flush of system_schema.types, Reason: INTERNALLY_FORCED, Usage: 0.511KiB (0%) on-heap, 0.000KiB (0%) off-heap
INFO  [Native-Transport-Requests-1] 2023-01-21 07:15:34,786 ColumnFamilyStore.java:1009 - Enqueuing flush of system_schema.functions, Reason: INTERNALLY_FORCED, Usage: 0.511KiB (0%) on-heap, 0.000KiB (0%) off-heap
INFO  [Native-Transport-Requests-1] 2023-01-21 07:15:34,853 ColumnFamilyStore.java:1009 - Enqueuing flush of system_schema.aggregates, Reason: INTERNALLY_FORCED, Usage: 0.511KiB (0%) on-heap, 0.000KiB (0%) off-heap
INFO  [Native-Transport-Requests-1] 2023-01-21 07:15:34,923 ColumnFamilyStore.java:1009 - Enqueuing flush of system_schema.indexes, Reason: INTERNALLY_FORCED, Usage: 1.089KiB (0%) on-heap, 0.000KiB (0%) off-heap
INFO  [Native-Transport-Requests-1] 2023-01-21 07:15:35,000 ColumnFamilyStore.java:1009 - Enqueuing flush of system_schema.tables, Reason: INTERNALLY_FORCED, Usage: 79.937KiB (0%) on-heap, 0.000KiB (0%) off-heap
INFO  [Native-Transport-Requests-1] 2023-01-21 07:15:35,109 ColumnFamilyStore.java:1009 - Enqueuing flush of system_schema.views, Reason: INTERNALLY_FORCED, Usage: 0.511KiB (0%) on-heap, 0.000KiB (0%) off-heap
INFO  [Native-Transport-Requests-1] 2023-01-21 07:15:35,244 ColumnFamilyStore.java:1009 - Enqueuing flush of system_schema.keyspaces, Reason: INTERNALLY_FORCED, Usage: 1.958KiB (0%) on-heap, 0.000KiB (0%) off-heap
INFO  [Native-Transport-Requests-1] 2023-01-21 07:15:35,356 Keyspace.java:381 - Creating replication strategy samplekeyspace params KeyspaceParams{durable_writes=true, replication=ReplicationParams{class=org.apache.cassandra.locator.SimpleStrategy, replication_factor=1}}
INFO  [Native-Transport-Requests-1] 2023-01-21 07:15:35,362 ColumnFamilyStore.java:484 - Initializing samplekeyspace.t1
WARN  [main] 2023-01-21 11:23:50,934 NativeLibrary.java:199 - Unable to lock JVM memory (ENOMEM). This can result in part of the JVM being swapped out, especially with mmapped I/O enabled. Increase RLIMIT_MEMLOCK.
WARN  [main] 2023-01-21 11:23:51,208 StartupChecks.java:258 - JMX is not enabled to receive remote connections. Please see cassandra-env.sh for more info.
WARN  [main] 2023-01-21 11:23:51,263 SigarLibrary.java:172 - Cassandra server running in degraded mode. Is swap disabled? : false,  Address space adequate? : true,  nofile limit adequate? : true, nproc limit adequate? : true 
WARN  [main] 2023-01-21 11:23:51,267 StartupChecks.java:493 - Maximum number of memory map areas per process (vm.max_map_count) 65530 is too low, recommended value: 1048575, you can change it with sysctl.
/172.17.0.2:7000:[-8967460190994828750, -8000095947916293251, -6410091395402394613, -4791068099705351315, -3812922647189237240, -2034288346365650111, -938246446130711822, 153050664561500437, 997427312052662194, 2437695541955245432, 3509196158295278245, 4527047563037705260, 5344719495650056055, 6420475376875635594, 7156391069586529235, 8235763877034130893]

WARN  [main] 2023-01-21 11:24:00,934 CommitLogReplayer.java:341 - Origin of 1 sstables is unknown or doesn't match the local node; commitLogIntervals for them were ignored
WARN  [main] 2023-01-21 11:24:00,936 CommitLogReplayer.java:341 - Origin of 1 sstables is unknown or doesn't match the local node; commitLogIntervals for them were ignored
WARN  [main] 2023-01-21 11:24:00,938 CommitLogReplayer.java:341 - Origin of 1 sstables is unknown or doesn't match the local node; commitLogIntervals for them were ignored
/172.17.0.2:7000:[-8967460190994828750, -8000095947916293251, -6410091395402394613, -4791068099705351315, -3812922647189237240, -2034288346365650111, -938246446130711822, 153050664561500437, 997427312052662194, 2437695541955245432, 3509196158295278245, 4527047563037705260, 5344719495650056055, 6420475376875635594, 7156391069586529235, 8235763877034130893]

ERROR [main] 2023-01-21 11:37:57,831 CassandraDaemon.java:898 - Exception encountered during startup
org.apache.cassandra.exceptions.ConfigurationException: Invalid yaml: file:/etc/cassandra/cassandra.yaml
	at org.apache.cassandra.config.YamlConfigurationLoader.loadConfig(YamlConfigurationLoader.java:149)
	at org.apache.cassandra.config.YamlConfigurationLoader.loadConfig(YamlConfigurationLoader.java:117)
	at org.apache.cassandra.config.DatabaseDescriptor.loadConfig(DatabaseDescriptor.java:327)
	at org.apache.cassandra.config.DatabaseDescriptor.daemonInitialization(DatabaseDescriptor.java:203)
	at org.apache.cassandra.config.DatabaseDescriptor.daemonInitialization(DatabaseDescriptor.java:188)
	at org.apache.cassandra.service.CassandraDaemon.applyConfig(CassandraDaemon.java:805)
	at org.apache.cassandra.service.CassandraDaemon.activate(CassandraDaemon.java:748)
	at org.apache.cassandra.service.CassandraDaemon.main(CassandraDaemon.java:876)
Caused by: org.yaml.snakeyaml.constructor.ConstructorException: Cannot create property=audit_logging_options for JavaBean=org.apache.cassandra.config.Config@4e70a728
 in 'reader', line 11, column 1:
    cluster_name: 'Test Cluster'
    ^
Cannot create property=full_query_logging_options for JavaBean=AuditLogOptions{enabled=true, logger='FileAuditLogger', included_keyspaces='', excluded_keyspaces='system,system_schema,system_virtual_schema', included_categories='', excluded_categories='', included_users='', excluded_users='', audit_logs_dir='/opt/cassandra/logs/audit', archive_command='', roll_cycle='HOURLY', block=true, max_queue_weight=268435456, max_log_size=17179869184, max_archive_retries=10}
 in 'reader', line 1542, column 3:
      enabled: true
      ^
 in 'reader', line 1548, column 5:
        - log_dir: 
        ^

 in 'reader', line 1542, column 3:
      enabled: true
      ^

	at org.yaml.snakeyaml.constructor.Constructor$ConstructMapping.constructJavaBean2ndStep(Constructor.java:292)
	at org.yaml.snakeyaml.constructor.Constructor$ConstructMapping.construct(Constructor.java:171)
	at org.yaml.snakeyaml.constructor.Constructor$ConstructYamlObject.construct(Constructor.java:331)
	at org.yaml.snakeyaml.constructor.BaseConstructor.constructObjectNoCheck(BaseConstructor.java:230)
	at org.yaml.snakeyaml.constructor.BaseConstructor.constructObject(BaseConstructor.java:219)
	at org.yaml.snakeyaml.constructor.BaseConstructor.constructDocument(BaseConstructor.java:173)
	at org.yaml.snakeyaml.constructor.BaseConstructor.getSingleData(BaseConstructor.java:157)
	at org.yaml.snakeyaml.Yaml.loadFromReader(Yaml.java:472)
	at org.yaml.snakeyaml.Yaml.loadAs(Yaml.java:466)
	at org.apache.cassandra.config.YamlConfigurationLoader.loadConfig(YamlConfigurationLoader.java:311)
	at org.apache.cassandra.config.YamlConfigurationLoader.loadConfig(YamlConfigurationLoader.java:142)
	... 7 common frames omitted
Caused by: org.yaml.snakeyaml.constructor.ConstructorException: Cannot create property=full_query_logging_options for JavaBean=AuditLogOptions{enabled=true, logger='FileAuditLogger', included_keyspaces='', excluded_keyspaces='system,system_schema,system_virtual_schema', included_categories='', excluded_categories='', included_users='', excluded_users='', audit_logs_dir='/opt/cassandra/logs/audit', archive_command='', roll_cycle='HOURLY', block=true, max_queue_weight=268435456, max_log_size=17179869184, max_archive_retries=10}
 in 'reader', line 1542, column 3:
      enabled: true
      ^
 in 'reader', line 1548, column 5:
        - log_dir: 
        ^

	at org.yaml.snakeyaml.constructor.Constructor$ConstructMapping.constructJavaBean2ndStep(Constructor.java:292)
	at org.yaml.snakeyaml.constructor.Constructor$ConstructMapping.construct(Constructor.java:171)
	at org.yaml.snakeyaml.constructor.BaseConstructor.constructObjectNoCheck(BaseConstructor.java:230)
	at org.yaml.snakeyaml.constructor.BaseConstructor.constructObject(BaseConstructor.java:219)
	at org.yaml.snakeyaml.constructor.Constructor$ConstructMapping.newInstance(Constructor.java:305)
	at org.yaml.snakeyaml.constructor.Constructor$ConstructMapping.constructJavaBean2ndStep(Constructor.java:268)
	... 17 common frames omitted
Caused by: java.lang.NullPointerException: null
	at java.base/java.util.concurrent.ConcurrentHashMap.putVal(Unknown Source)
	at java.base/java.util.concurrent.ConcurrentHashMap.put(Unknown Source)
	at org.yaml.snakeyaml.constructor.BaseConstructor.constructMapping2ndStep(BaseConstructor.java:487)
	at org.yaml.snakeyaml.constructor.SafeConstructor.constructMapping2ndStep(SafeConstructor.java:190)
	at org.yaml.snakeyaml.constructor.BaseConstructor.constructMapping(BaseConstructor.java:460)
	at org.yaml.snakeyaml.constructor.SafeConstructor$ConstructYamlMap.construct(SafeConstructor.java:556)
	at org.yaml.snakeyaml.constructor.BaseConstructor.constructObjectNoCheck(BaseConstructor.java:230)
	at org.yaml.snakeyaml.constructor.BaseConstructor.constructObject(BaseConstructor.java:219)
	at org.yaml.snakeyaml.constructor.BaseConstructor.constructSequenceStep2(BaseConstructor.java:390)
	at org.yaml.snakeyaml.constructor.BaseConstructor.constructSequence(BaseConstructor.java:374)
	at org.yaml.snakeyaml.constructor.SafeConstructor$ConstructYamlSeq.construct(SafeConstructor.java:534)
	at org.yaml.snakeyaml.constructor.BaseConstructor.constructObjectNoCheck(BaseConstructor.java:230)
	at org.yaml.snakeyaml.constructor.BaseConstructor.constructObject(BaseConstructor.java:219)
	at org.yaml.snakeyaml.constructor.Constructor$ConstructMapping.constructJavaBean2ndStep(Constructor.java:269)
	... 22 common frames omitted
WARN  [main] 2023-01-21 11:38:46,358 NativeLibrary.java:199 - Unable to lock JVM memory (ENOMEM). This can result in part of the JVM being swapped out, especially with mmapped I/O enabled. Increase RLIMIT_MEMLOCK.
WARN  [main] 2023-01-21 11:38:46,781 StartupChecks.java:258 - JMX is not enabled to receive remote connections. Please see cassandra-env.sh for more info.
WARN  [main] 2023-01-21 11:38:46,857 SigarLibrary.java:172 - Cassandra server running in degraded mode. Is swap disabled? : false,  Address space adequate? : true,  nofile limit adequate? : true, nproc limit adequate? : true 
WARN  [main] 2023-01-21 11:38:46,860 StartupChecks.java:493 - Maximum number of memory map areas per process (vm.max_map_count) 65530 is too low, recommended value: 1048575, you can change it with sysctl.
/172.17.0.2:7000:[-8967460190994828750, -8000095947916293251, -6410091395402394613, -4791068099705351315, -3812922647189237240, -2034288346365650111, -938246446130711822, 153050664561500437, 997427312052662194, 2437695541955245432, 3509196158295278245, 4527047563037705260, 5344719495650056055, 6420475376875635594, 7156391069586529235, 8235763877034130893]

WARN  [main] 2023-01-21 11:38:56,545 CommitLogReplayer.java:341 - Origin of 1 sstables is unknown or doesn't match the local node; commitLogIntervals for them were ignored
/172.17.0.2:7000:[-8967460190994828750, -8000095947916293251, -6410091395402394613, -4791068099705351315, -3812922647189237240, -2034288346365650111, -938246446130711822, 153050664561500437, 997427312052662194, 2437695541955245432, 3509196158295278245, 4527047563037705260, 5344719495650056055, 6420475376875635594, 7156391069586529235, 8235763877034130893]

INFO  [Native-Transport-Requests-1] 2023-01-21 11:39:48,602 FileAuditLogger.java:51 - user:cassandra|host:/172.17.0.2:7000|source:/127.0.0.1|port:55302|timestamp:1674301188599|type:LOGIN_SUCCESS|category:AUTH|operation:LOGIN SUCCESSFUL
INFO  [Native-Transport-Requests-1] 2023-01-21 11:39:49,029 FileAuditLogger.java:51 - user:cassandra|host:/172.17.0.2:7000|source:/127.0.0.1|port:55304|timestamp:1674301189029|type:LOGIN_SUCCESS|category:AUTH|operation:LOGIN SUCCESSFUL
INFO  [Native-Transport-Requests-1] 2023-01-21 11:42:34,790 ColumnFamilyStore.java:1009 - Enqueuing flush of system_schema.columns, Reason: INTERNALLY_FORCED, Usage: 168.402KiB (0%) on-heap, 0.000KiB (0%) off-heap
INFO  [Native-Transport-Requests-1] 2023-01-21 11:42:34,912 ColumnFamilyStore.java:1009 - Enqueuing flush of system_schema.dropped_columns, Reason: INTERNALLY_FORCED, Usage: 1.081KiB (0%) on-heap, 0.000KiB (0%) off-heap
INFO  [Native-Transport-Requests-1] 2023-01-21 11:42:35,038 ColumnFamilyStore.java:1009 - Enqueuing flush of system_schema.triggers, Reason: INTERNALLY_FORCED, Usage: 0.513KiB (0%) on-heap, 0.000KiB (0%) off-heap
INFO  [Native-Transport-Requests-1] 2023-01-21 11:42:35,144 ColumnFamilyStore.java:1009 - Enqueuing flush of system_schema.types, Reason: INTERNALLY_FORCED, Usage: 0.513KiB (0%) on-heap, 0.000KiB (0%) off-heap
INFO  [Native-Transport-Requests-1] 2023-01-21 11:42:35,249 ColumnFamilyStore.java:1009 - Enqueuing flush of system_schema.functions, Reason: INTERNALLY_FORCED, Usage: 0.513KiB (0%) on-heap, 0.000KiB (0%) off-heap
INFO  [Native-Transport-Requests-1] 2023-01-21 11:42:35,349 ColumnFamilyStore.java:1009 - Enqueuing flush of system_schema.aggregates, Reason: INTERNALLY_FORCED, Usage: 0.513KiB (0%) on-heap, 0.000KiB (0%) off-heap
INFO  [Native-Transport-Requests-1] 2023-01-21 11:42:35,448 ColumnFamilyStore.java:1009 - Enqueuing flush of system_schema.indexes, Reason: INTERNALLY_FORCED, Usage: 1.091KiB (0%) on-heap, 0.000KiB (0%) off-heap
INFO  [Native-Transport-Requests-1] 2023-01-21 11:42:35,536 ColumnFamilyStore.java:1009 - Enqueuing flush of system_schema.tables, Reason: INTERNALLY_FORCED, Usage: 77.381KiB (0%) on-heap, 0.000KiB (0%) off-heap
INFO  [Native-Transport-Requests-1] 2023-01-21 11:42:35,632 ColumnFamilyStore.java:1009 - Enqueuing flush of system_schema.views, Reason: INTERNALLY_FORCED, Usage: 0.513KiB (0%) on-heap, 0.000KiB (0%) off-heap
INFO  [Native-Transport-Requests-1] 2023-01-21 11:42:35,713 ColumnFamilyStore.java:1009 - Enqueuing flush of system_schema.keyspaces, Reason: INTERNALLY_FORCED, Usage: 1.956KiB (0%) on-heap, 0.000KiB (0%) off-heap
INFO  [Native-Transport-Requests-1] 2023-01-21 11:42:35,842 Keyspace.java:381 - Creating replication strategy audittest params KeyspaceParams{durable_writes=true, replication=ReplicationParams{class=org.apache.cassandra.locator.SimpleStrategy, replication_factor=1}}
;
INFO  [Native-Transport-Requests-1] 2023-01-21 11:43:45,082 ColumnFamilyStore.java:1009 - Enqueuing flush of system_schema.columns, Reason: INTERNALLY_FORCED, Usage: 1.645KiB (0%) on-heap, 0.000KiB (0%) off-heap
INFO  [Native-Transport-Requests-1] 2023-01-21 11:43:45,197 ColumnFamilyStore.java:1009 - Enqueuing flush of system_schema.tables, Reason: INTERNALLY_FORCED, Usage: 2.554KiB (0%) on-heap, 0.000KiB (0%) off-heap
INFO  [Native-Transport-Requests-1] 2023-01-21 11:43:45,357 ColumnFamilyStore.java:1009 - Enqueuing flush of system_schema.keyspaces, Reason: INTERNALLY_FORCED, Usage: 0.639KiB (0%) on-heap, 0.000KiB (0%) off-heap
INFO  [Native-Transport-Requests-1] 2023-01-21 11:43:45,709 Keyspace.java:381 - Creating replication strategy audittest params KeyspaceParams{durable_writes=true, replication=ReplicationParams{class=org.apache.cassandra.locator.SimpleStrategy, replication_factor=1}}
INFO  [Native-Transport-Requests-1] 2023-01-21 11:43:45,718 ColumnFamilyStore.java:484 - Initializing audittest.t1
;
WARN  [main] 2023-01-21 11:52:29,354 NativeLibrary.java:199 - Unable to lock JVM memory (ENOMEM). This can result in part of the JVM being swapped out, especially with mmapped I/O enabled. Increase RLIMIT_MEMLOCK.
WARN  [main] 2023-01-21 11:52:29,577 StartupChecks.java:258 - JMX is not enabled to receive remote connections. Please see cassandra-env.sh for more info.
WARN  [main] 2023-01-21 11:52:29,634 SigarLibrary.java:172 - Cassandra server running in degraded mode. Is swap disabled? : false,  Address space adequate? : true,  nofile limit adequate? : true, nproc limit adequate? : true 
WARN  [main] 2023-01-21 11:52:29,637 StartupChecks.java:493 - Maximum number of memory map areas per process (vm.max_map_count) 65530 is too low, recommended value: 1048575, you can change it with sysctl.
/172.17.0.2:7000:[-8967460190994828750, -8000095947916293251, -6410091395402394613, -4791068099705351315, -3812922647189237240, -2034288346365650111, -938246446130711822, 153050664561500437, 997427312052662194, 2437695541955245432, 3509196158295278245, 4527047563037705260, 5344719495650056055, 6420475376875635594, 7156391069586529235, 8235763877034130893]

WARN  [main] 2023-01-21 11:52:38,904 CommitLogReplayer.java:341 - Origin of 1 sstables is unknown or doesn't match the local node; commitLogIntervals for them were ignored
/172.17.0.2:7000:[-8967460190994828750, -8000095947916293251, -6410091395402394613, -4791068099705351315, -3812922647189237240, -2034288346365650111, -938246446130711822, 153050664561500437, 997427312052662194, 2437695541955245432, 3509196158295278245, 4527047563037705260, 5344719495650056055, 6420475376875635594, 7156391069586529235, 8235763877034130893]

